<?xml version="1.0" encoding="UTF-8"?>
<testng-results skipped="0" failed="0" ignored="0" total="1" passed="1">
  <reporter-output>
  </reporter-output>
  <suite name="Default suite" duration-ms="11097" started-at="2019-07-25T09:06:44Z" finished-at="2019-07-25T09:06:55Z">
    <groups>
    </groups>
    <test name="Default test" duration-ms="11097" started-at="2019-07-25T09:06:44Z" finished-at="2019-07-25T09:06:55Z">
      <class name="ToolTip">
        <test-method status="PASS" signature="testTooltip()[pri:0, instance:ToolTip@1d29cf23]" name="testTooltip" duration-ms="11063" started-at="2019-07-25T09:06:44Z" finished-at="2019-07-25T09:06:55Z">
          <reporter-output>
          </reporter-output>
        </test-method> <!-- testTooltip -->
      </class> <!-- ToolTip -->
    </test> <!-- Default test -->
  </suite> <!-- Default suite -->
</testng-results>
