<?xml version="1.0" encoding="UTF-8"?>
<testng-results skipped="0" failed="0" ignored="0" total="1" passed="1">
  <reporter-output>
  </reporter-output>
  <suite name="Default suite" duration-ms="16357" started-at="2019-07-31T05:18:00Z" finished-at="2019-07-31T05:18:17Z">
    <groups>
    </groups>
    <test name="Default test" duration-ms="16357" started-at="2019-07-31T05:18:00Z" finished-at="2019-07-31T05:18:17Z">
      <class name="DownloadFile">
        <test-method status="PASS" signature="setUp()[pri:0, instance:DownloadFile@33f88ab]" name="setUp" is-config="true" duration-ms="4831" started-at="2019-07-31T05:18:00Z" finished-at="2019-07-31T05:18:05Z">
          <reporter-output>
          </reporter-output>
        </test-method> <!-- setUp -->
        <test-method status="PASS" signature="downloadFileTest()[pri:0, instance:DownloadFile@33f88ab]" name="downloadFileTest" duration-ms="10623" started-at="2019-07-31T05:18:05Z" finished-at="2019-07-31T05:18:16Z">
          <reporter-output>
          </reporter-output>
        </test-method> <!-- downloadFileTest -->
        <test-method status="PASS" signature="tearDown()[pri:0, instance:DownloadFile@33f88ab]" name="tearDown" is-config="true" duration-ms="866" started-at="2019-07-31T05:18:16Z" finished-at="2019-07-31T05:18:17Z">
          <reporter-output>
          </reporter-output>
        </test-method> <!-- tearDown -->
      </class> <!-- DownloadFile -->
    </test> <!-- Default test -->
  </suite> <!-- Default suite -->
</testng-results>
